Godot Engine v4.3.stable.mono.official.77dcf97d8 - https://godotengine.org
Vulkan 1.2.283 - Forward+ - Using Device #0: Apple - Apple M4

[ConnectionManager Debug] Constructor called.
Failed to get Bounds ColorRect!
Set BlockLayer Z-index to -5
Set Input Z-index to 0
Set Output Z-index to 0
[Input Debug] Input processing enabled
[ConnectionManager Debug] _Ready called.
Blocks in Inventory: add0, multiply1, add2, multiply3, add4, multiply5, add6, multiply7
[Debug HelperFunnel] Successfully found HelperFunnel instance
GameManager initialized as singleton
[TokenManager Debug] Initialized with ConnectionManager and TokenLayer
GameStateManager initialized.
[Debug DragHelper] DragHelper initialized.
[Debug HelperFunnel] Successfully found HelperFunnel instance
HelperFunnel initialized with all helpers.
[Input Debug] Initialized with TokenManager: True, ConnectionManager: True
Creating initial connection between Input and Output blocks...
Creating pipe between blocks: Input -> Output
Creating toolbar blocks
[Debug BaseBlock] AddBlock _Ready called, adding to Blocks group
[Debug BaseBlock] AddBlock initialization complete, Position: (1000, 1208), State: InToolbar
[Debug HelperFunnel] Successfully found HelperFunnel instance
[BaseBlock Debug] Block AddBlock resetting connections. Current state: InToolbar
[BaseBlock Debug] Block AddBlock reset input socket
[BaseBlock Debug] Block AddBlock reset output socket
[BaseBlock Debug] Block AddBlock finished resetting connections
ReturnBlockToToolbar: Block AddBlock returned to toolbar.
[Debug BaseBlock] @Node2D@5 _Ready called, adding to Blocks group
[Debug BaseBlock] @Node2D@5 initialization complete, Position: (1000, 1208), State: InToolbar
[Debug HelperFunnel] Successfully found HelperFunnel instance
[BaseBlock Debug] Block @Node2D@5 resetting connections. Current state: InToolbar
[BaseBlock Debug] Block @Node2D@5 reset input socket
[BaseBlock Debug] Block @Node2D@5 reset output socket
[BaseBlock Debug] Block @Node2D@5 finished resetting connections
ReturnBlockToToolbar: Block @Node2D@5 returned to toolbar.
[Debug BaseBlock] @Node2D@6 _Ready called, adding to Blocks group
[Debug BaseBlock] @Node2D@6 initialization complete, Position: (1000, 1208), State: InToolbar
[Debug HelperFunnel] Successfully found HelperFunnel instance
[BaseBlock Debug] Block @Node2D@6 resetting connections. Current state: InToolbar
[BaseBlock Debug] Block @Node2D@6 reset input socket
[BaseBlock Debug] Block @Node2D@6 reset output socket
[BaseBlock Debug] Block @Node2D@6 finished resetting connections
ReturnBlockToToolbar: Block @Node2D@6 returned to toolbar.
[Debug BaseBlock] @Node2D@7 _Ready called, adding to Blocks group
[Debug BaseBlock] @Node2D@7 initialization complete, Position: (1000, 1208), State: InToolbar
[Debug HelperFunnel] Successfully found HelperFunnel instance
[BaseBlock Debug] Block @Node2D@7 resetting connections. Current state: InToolbar
[BaseBlock Debug] Block @Node2D@7 reset input socket
[BaseBlock Debug] Block @Node2D@7 reset output socket
[BaseBlock Debug] Block @Node2D@7 finished resetting connections
ReturnBlockToToolbar: Block @Node2D@7 returned to toolbar.
[Debug BaseBlock] @Node2D@8 _Ready called, adding to Blocks group
[Debug BaseBlock] @Node2D@8 initialization complete, Position: (1000, 1208), State: InToolbar
[Debug HelperFunnel] Successfully found HelperFunnel instance
[BaseBlock Debug] Block @Node2D@8 resetting connections. Current state: InToolbar
[BaseBlock Debug] Block @Node2D@8 reset input socket
[BaseBlock Debug] Block @Node2D@8 reset output socket
[BaseBlock Debug] Block @Node2D@8 finished resetting connections
ReturnBlockToToolbar: Block @Node2D@8 returned to toolbar.
[Debug BaseBlock] @Node2D@9 _Ready called, adding to Blocks group
[Debug BaseBlock] @Node2D@9 initialization complete, Position: (1000, 1208), State: InToolbar
[Debug HelperFunnel] Successfully found HelperFunnel instance
[BaseBlock Debug] Block @Node2D@9 resetting connections. Current state: InToolbar
[BaseBlock Debug] Block @Node2D@9 reset input socket
[BaseBlock Debug] Block @Node2D@9 reset output socket
[BaseBlock Debug] Block @Node2D@9 finished resetting connections
ReturnBlockToToolbar: Block @Node2D@9 returned to toolbar.
[Debug BaseBlock] @Node2D@10 _Ready called, adding to Blocks group
[Debug BaseBlock] @Node2D@10 initialization complete, Position: (1000, 1208), State: InToolbar
[Debug HelperFunnel] Successfully found HelperFunnel instance
[BaseBlock Debug] Block @Node2D@10 resetting connections. Current state: InToolbar
[BaseBlock Debug] Block @Node2D@10 reset input socket
[BaseBlock Debug] Block @Node2D@10 reset output socket
[BaseBlock Debug] Block @Node2D@10 finished resetting connections
ReturnBlockToToolbar: Block @Node2D@10 returned to toolbar.
[Debug BaseBlock] @Node2D@11 _Ready called, adding to Blocks group
[Debug BaseBlock] @Node2D@11 initialization complete, Position: (1000, 1208), State: InToolbar
[Debug HelperFunnel] Successfully found HelperFunnel instance
[BaseBlock Debug] Block @Node2D@11 resetting connections. Current state: InToolbar
[BaseBlock Debug] Block @Node2D@11 reset input socket
[BaseBlock Debug] Block @Node2D@11 reset output socket
[BaseBlock Debug] Block @Node2D@11 finished resetting connections
ReturnBlockToToolbar: Block @Node2D@11 returned to toolbar.
[ConnectionManager Debug] _Process running
[Debug InputHelper] No block found at position: (1375, 1000)
[Debug InputHelper] Block '@Node2D@11' is in the toolbar. Moving to BlockLayer before dragging.
[BaseBlock Debug] Block @Node2D@11 state changed: InToolbar -> Placed (SetInToolbar: False)
[Debug InputHelper] Starting drag for block '@Node2D@11' at (1443, 984)
[Debug DragHelper] Entering StartDrag with block: @Node2D@11, clickPosition: (1443, 984)
[Debug DragHelper] Set Z-index to 25 for dragged block
[Debug DragHelper] Positioned block at click position: (1443, 984)
[BaseBlock Debug] Block @Node2D@11 state changed: Placed -> Dragging (SetDragging: True)
[Debug DragHelper] Block @Node2D@11 is now in dragging state
[Debug DragHelper] Entering UpdateDrag with block: @Node2D@11, position: (1441, 984)
[Debug DragHelper] Updated block position to: (1441, 984)
[Debug InputHelper] Checking for pipe at token position: (1441, 984)
[ConnectionHelper] HighlightPipeAtPosition called with position: (1441, 984)
[ConnectionHelper] GameManager found: GameManager
[ConnectionHelper] No pipe found at position: (1441, 984)
[Debug DragHelper] Entering UpdateDrag with block: @Node2D@11, position: (1439, 981)
[Debug DragHelper] Updated block position to: (1439, 981)
[Debug InputHelper] Checking for pipe at token position: (1439, 981)
[ConnectionHelper] HighlightPipeAtPosition called with position: (1439, 981)
[ConnectionHelper] GameManager found: GameManager
[ConnectionHelper] No pipe found at position: (1439, 981)
[Debug DragHelper] Entering UpdateDrag with block: @Node2D@11, position: (1428, 966)
[Debug DragHelper] Updated block position to: (1428, 966)
[Debug InputHelper] Checking for pipe at token position: (1428, 966)
[ConnectionHelper] HighlightPipeAtPosition called with position: (1428, 966)
[ConnectionHelper] GameManager found: GameManager
[ConnectionHelper] No pipe found at position: (1428, 966)
[Debug DragHelper] Entering UpdateDrag with block: @Node2D@11, position: (1423, 957)
[Debug DragHelper] Updated block position to: (1423, 957)
[Debug InputHelper] Checking for pipe at token position: (1423, 957)
[ConnectionHelper] HighlightPipeAtPosition called with position: (1423, 957)
[ConnectionHelper] GameManager found: GameManager
[ConnectionHelper] No pipe found at position: (1423, 957)
[Debug DragHelper] Entering UpdateDrag with block: @Node2D@11, position: (1397, 891)
[Debug DragHelper] Updated block position to: (1397, 891)
[Debug InputHelper] Checking for pipe at token position: (1397, 891)
[ConnectionHelper] HighlightPipeAtPosition called with position: (1397, 891)
[ConnectionHelper] GameManager found: GameManager
[ConnectionHelper] No pipe found at position: (1397, 891)
[Debug DragHelper] Entering UpdateDrag with block: @Node2D@11, position: (1360, 793)
[Debug DragHelper] Updated block position to: (1360, 793)
[Debug InputHelper] Checking for pipe at token position: (1360, 793)
[ConnectionHelper] HighlightPipeAtPosition called with position: (1360, 793)
[ConnectionHelper] GameManager found: GameManager
[ConnectionHelper] No pipe found at position: (1360, 793)
[Debug DragHelper] Entering UpdateDrag with block: @Node2D@11, position: (1341, 745)
[Debug DragHelper] Updated block position to: (1341, 745)
[Debug InputHelper] Checking for pipe at token position: (1341, 745)
[ConnectionHelper] HighlightPipeAtPosition called with position: (1341, 745)
[ConnectionHelper] GameManager found: GameManager
[ConnectionHelper] No pipe found at position: (1341, 745)
[Debug DragHelper] Entering UpdateDrag with block: @Node2D@11, position: (1329, 701)
[Debug DragHelper] Updated block position to: (1329, 701)
[Debug InputHelper] Checking for pipe at token position: (1329, 701)
[ConnectionHelper] HighlightPipeAtPosition called with position: (1329, 701)
[ConnectionHelper] GameManager found: GameManager
[ConnectionHelper] No pipe found at position: (1329, 701)
[Debug DragHelper] Entering UpdateDrag with block: @Node2D@11, position: (1327, 660)
[Debug DragHelper] Updated block position to: (1327, 660)
[Debug InputHelper] Checking for pipe at token position: (1327, 660)
[ConnectionHelper] HighlightPipeAtPosition called with position: (1327, 660)
[ConnectionHelper] GameManager found: GameManager
[ConnectionHelper] No pipe found at position: (1327, 660)
[Debug DragHelper] Entering UpdateDrag with block: @Node2D@11, position: (1324, 633)
[Debug DragHelper] Updated block position to: (1324, 633)
[Debug InputHelper] Checking for pipe at token position: (1324, 633)
[ConnectionHelper] HighlightPipeAtPosition called with position: (1324, 633)
[ConnectionHelper] GameManager found: GameManager
[ConnectionHelper] No pipe found at position: (1324, 633)
[Debug DragHelper] Entering UpdateDrag with block: @Node2D@11, position: (1311, 594)
[Debug DragHelper] Updated block position to: (1311, 594)
[Debug InputHelper] Checking for pipe at token position: (1311, 594)
[ConnectionHelper] HighlightPipeAtPosition called with position: (1311, 594)
[ConnectionHelper] GameManager found: GameManager
[ConnectionHelper] Pipe found at position (1311, 594). Highlighting pipe.
[Debug DragHelper] Entering UpdateDrag with block: @Node2D@11, position: (1274, 553)
[Debug DragHelper] Updated block position to: (1274, 553)
[Debug InputHelper] Checking for pipe at token position: (1274, 553)
[ConnectionHelper] HighlightPipeAtPosition called with position: (1274, 553)
[ConnectionHelper] GameManager found: GameManager
[ConnectionHelper] Pipe found at position (1274, 553). Highlighting pipe.
[Debug DragHelper] Entering UpdateDrag with block: @Node2D@11, position: (1238, 529)
[Debug DragHelper] Updated block position to: (1238, 529)
[Debug InputHelper] Checking for pipe at token position: (1238, 529)
[ConnectionHelper] HighlightPipeAtPosition called with position: (1238, 529)
[ConnectionHelper] GameManager found: GameManager
[ConnectionHelper] Pipe found at position (1238, 529). Highlighting pipe.
[Debug DragHelper] Entering UpdateDrag with block: @Node2D@11, position: (1218, 524)
[Debug DragHelper] Updated block position to: (1218, 524)
[Debug InputHelper] Checking for pipe at token position: (1218, 524)
[ConnectionHelper] HighlightPipeAtPosition called with position: (1218, 524)
[ConnectionHelper] GameManager found: GameManager
[ConnectionHelper] Pipe found at position (1218, 524). Highlighting pipe.
[Debug DragHelper] Entering UpdateDrag with block: @Node2D@11, position: (1212, 523)
[Debug DragHelper] Updated block position to: (1212, 523)
[Debug InputHelper] Checking for pipe at token position: (1212, 523)
[ConnectionHelper] HighlightPipeAtPosition called with position: (1212, 523)
[ConnectionHelper] GameManager found: GameManager
[ConnectionHelper] Pipe found at position (1212, 523). Highlighting pipe.
[Debug DragHelper] Entering UpdateDrag with block: @Node2D@11, position: (1208, 522)
[Debug DragHelper] Updated block position to: (1208, 522)
[Debug InputHelper] Checking for pipe at token position: (1208, 522)
[ConnectionHelper] HighlightPipeAtPosition called with position: (1208, 522)
[ConnectionHelper] GameManager found: GameManager
[ConnectionHelper] Pipe found at position (1208, 522). Highlighting pipe.
[Debug DragHelper] Entering UpdateDrag with block: @Node2D@11, position: (1203, 515)
[Debug DragHelper] Updated block position to: (1203, 515)
[Debug InputHelper] Checking for pipe at token position: (1203, 515)
[ConnectionHelper] HighlightPipeAtPosition called with position: (1203, 515)
[ConnectionHelper] GameManager found: GameManager
[ConnectionHelper] Pipe found at position (1203, 515). Highlighting pipe.
[Debug DragHelper] Entering UpdateDrag with block: @Node2D@11, position: (1184, 488)
[Debug DragHelper] Updated block position to: (1184, 488)
[Debug InputHelper] Checking for pipe at token position: (1184, 488)
[ConnectionHelper] HighlightPipeAtPosition called with position: (1184, 488)
[ConnectionHelper] GameManager found: GameManager
[ConnectionHelper] Pipe found at position (1184, 488). Highlighting pipe.
[Debug DragHelper] Entering UpdateDrag with block: @Node2D@11, position: (1182, 485)
[Debug DragHelper] Updated block position to: (1182, 485)
[Debug InputHelper] Checking for pipe at token position: (1182, 485)
[ConnectionHelper] HighlightPipeAtPosition called with position: (1182, 485)
[ConnectionHelper] GameManager found: GameManager
[ConnectionHelper] Pipe found at position (1182, 485). Highlighting pipe.
[Debug DragHelper] Entering UpdateDrag with block: @Node2D@11, position: (1181, 484)
[Debug DragHelper] Updated block position to: (1181, 484)
[Debug InputHelper] Checking for pipe at token position: (1181, 484)
[ConnectionHelper] HighlightPipeAtPosition called with position: (1181, 484)
[ConnectionHelper] GameManager found: GameManager
[ConnectionHelper] Pipe found at position (1181, 484). Highlighting pipe.
[Debug DragHelper] Entering UpdateDrag with block: @Node2D@11, position: (1181, 482)
[Debug DragHelper] Updated block position to: (1181, 482)
[Debug InputHelper] Checking for pipe at token position: (1181, 482)
[ConnectionHelper] HighlightPipeAtPosition called with position: (1181, 482)
[ConnectionHelper] GameManager found: GameManager
[ConnectionHelper] Pipe found at position (1181, 482). Highlighting pipe.
[Debug DragHelper] Entering UpdateDrag with block: @Node2D@11, position: (1181, 481)
[Debug DragHelper] Updated block position to: (1181, 481)
[Debug InputHelper] Checking for pipe at token position: (1181, 481)
[ConnectionHelper] HighlightPipeAtPosition called with position: (1181, 481)
[ConnectionHelper] GameManager found: GameManager
[ConnectionHelper] Pipe found at position (1181, 481). Highlighting pipe.
[Debug InputHelper] Clicked dragged block @Node2D@11, placing it
[Debug InputHelper] Placing block @Node2D@11 at (1181, 481)
[Debug InputHelper] Attempting to connect block at position: (1181, 481.1062)
[ConnectionManager Debug] Attempting to connect block  between Input and Output
[BaseBlock Debug] Block @Node2D@11 resetting connections. Current state: Dragging
[BaseBlock Debug] Block @Node2D@11 reset input socket
[BaseBlock Debug] Block @Node2D@11 reset output socket
[BaseBlock Debug] Block @Node2D@11 finished resetting connections
[ConnectionManager Debug] Creating new connections for block 
(static insertion) Creating pipe between blocks: Input -> 
From block type: F.Game.BlockLogic.Input, To block type: F.Game.BlockLogic.BaseBlock
From socket type: F.Game.BlockLogic.Input, To socket type: Godot.Node2D
(static insertion) Creating pipe between blocks:  -> Output
From block type: F.Game.BlockLogic.BaseBlock, To block type: F.Game.BlockLogic.Output
From socket type: Godot.Node2D, To socket type: Godot.Node2D
[BaseBlock Debug] Block @Node2D@11 state changed: Dragging -> Connected (CompleteConnection)
[ConnectionManager] Successfully connected block  between Input and Output
[BaseBlock Debug] Block @Node2D@11 state changed: Connected -> Connected (CompleteConnection)
[ConnectionHelper Debug] Forced block @Node2D@11 to Connected state. Connection operation returned: True
[Debug InputHelper] Successfully connected block @Node2D@11
[Debug DragHelper] Entering EndDrag with block: @Node2D@11
[BaseBlock Debug] Block @Node2D@11 state changed: Connected -> Connected (SetDragging: False)
[Debug DragHelper] Block @Node2D@11 drag ended, Z-index set to 0
[Debug InputHelper] Block '@Node2D@10' is in the toolbar. Moving to BlockLayer before dragging.
[BaseBlock Debug] Block @Node2D@10 state changed: InToolbar -> Placed (SetInToolbar: False)
[Debug InputHelper] Starting drag for block '@Node2D@10' at (1302, 988)
[Debug DragHelper] Entering StartDrag with block: @Node2D@10, clickPosition: (1302, 988)
[Debug DragHelper] Set Z-index to 25 for dragged block
[Debug DragHelper] Positioned block at click position: (1302, 988)
[BaseBlock Debug] Block @Node2D@10 state changed: Placed -> Dragging (SetDragging: True)
[Debug DragHelper] Block @Node2D@10 is now in dragging state
[Debug DragHelper] Entering UpdateDrag with block: @Node2D@10, position: (1302, 987)
[Debug DragHelper] Updated block position to: (1302, 987)
[Debug InputHelper] Checking for pipe at token position: (1302, 987)
[ConnectionHelper] HighlightPipeAtPosition called with position: (1302, 987)
[ConnectionHelper] GameManager found: GameManager
[ConnectionHelper] No pipe found at position: (1302, 987)
[Debug DragHelper] Entering UpdateDrag with block: @Node2D@10, position: (1304, 983)
[Debug DragHelper] Updated block position to: (1304, 983)
[Debug InputHelper] Checking for pipe at token position: (1304, 983)
[ConnectionHelper] HighlightPipeAtPosition called with position: (1304, 983)
[ConnectionHelper] GameManager found: GameManager
[ConnectionHelper] No pipe found at position: (1304, 983)
[Debug DragHelper] Entering UpdateDrag with block: @Node2D@10, position: (1305, 972)
[Debug DragHelper] Updated block position to: (1305, 972)
[Debug InputHelper] Checking for pipe at token position: (1305, 972)
[ConnectionHelper] HighlightPipeAtPosition called with position: (1305, 972)
[ConnectionHelper] GameManager found: GameManager
[ConnectionHelper] No pipe found at position: (1305, 972)
[Debug DragHelper] Entering UpdateDrag with block: @Node2D@10, position: (1309, 952)
[Debug DragHelper] Updated block position to: (1309, 952)
[Debug InputHelper] Checking for pipe at token position: (1309, 952)
[ConnectionHelper] HighlightPipeAtPosition called with position: (1309, 952)
[ConnectionHelper] GameManager found: GameManager
[ConnectionHelper] No pipe found at position: (1309, 952)
[Debug DragHelper] Entering UpdateDrag with block: @Node2D@10, position: (1311, 925)
[Debug DragHelper] Updated block position to: (1311, 925)
[Debug InputHelper] Checking for pipe at token position: (1311, 925)
[ConnectionHelper] HighlightPipeAtPosition called with position: (1311, 925)
[ConnectionHelper] GameManager found: GameManager
[ConnectionHelper] No pipe found at position: (1311, 925)
[Debug DragHelper] Entering UpdateDrag with block: @Node2D@10, position: (1318, 893)
[Debug DragHelper] Updated block position to: (1318, 893)
[Debug InputHelper] Checking for pipe at token position: (1318, 893)
[ConnectionHelper] HighlightPipeAtPosition called with position: (1318, 893)
[ConnectionHelper] GameManager found: GameManager
[ConnectionHelper] No pipe found at position: (1318, 893)
[Debug DragHelper] Entering UpdateDrag with block: @Node2D@10, position: (1338, 845)
[Debug DragHelper] Updated block position to: (1338, 845)
[Debug InputHelper] Checking for pipe at token position: (1338, 845)
[ConnectionHelper] HighlightPipeAtPosition called with position: (1338, 845)
[ConnectionHelper] GameManager found: GameManager
[ConnectionHelper] No pipe found at position: (1338, 845)
[Debug DragHelper] Entering UpdateDrag with block: @Node2D@10, position: (1355, 812)
[Debug DragHelper] Updated block position to: (1355, 812)
[Debug InputHelper] Checking for pipe at token position: (1355, 812)
[ConnectionHelper] HighlightPipeAtPosition called with position: (1355, 812)
[ConnectionHelper] GameManager found: GameManager
[ConnectionHelper] No pipe found at position: (1355, 812)
[Debug DragHelper] Entering UpdateDrag with block: @Node2D@10, position: (1367, 788)
[Debug DragHelper] Updated block position to: (1367, 788)
[Debug InputHelper] Checking for pipe at token position: (1367, 788)
[ConnectionHelper] HighlightPipeAtPosition called with position: (1367, 788)
[ConnectionHelper] GameManager found: GameManager
[ConnectionHelper] No pipe found at position: (1367, 788)
[Debug DragHelper] Entering UpdateDrag with block: @Node2D@10, position: (1390, 719)
[Debug DragHelper] Updated block position to: (1390, 719)
[Debug InputHelper] Checking for pipe at token position: (1390, 719)
[ConnectionHelper] HighlightPipeAtPosition called with position: (1390, 719)
[ConnectionHelper] GameManager found: GameManager
[ConnectionHelper] No pipe found at position: (1390, 719)
[Debug DragHelper] Entering UpdateDrag with block: @Node2D@10, position: (1406, 570)
[Debug DragHelper] Updated block position to: (1406, 570)
[Debug InputHelper] Checking for pipe at token position: (1406, 570)
[ConnectionHelper] HighlightPipeAtPosition called with position: (1406, 570)
[ConnectionHelper] GameManager found: GameManager
[ConnectionHelper] Pipe found at position (1406, 570). Highlighting pipe.
[Debug DragHelper] Entering UpdateDrag with block: @Node2D@10, position: (1406, 498)
[Debug DragHelper] Updated block position to: (1406, 498)
[Debug InputHelper] Checking for pipe at token position: (1406, 498)
[ConnectionHelper] HighlightPipeAtPosition called with position: (1406, 498)
[ConnectionHelper] GameManager found: GameManager
[ConnectionHelper] Pipe found at position (1406, 498). Highlighting pipe.
[Debug DragHelper] Entering UpdateDrag with block: @Node2D@10, position: (1408, 472)
[Debug DragHelper] Updated block position to: (1408, 472)
[Debug InputHelper] Checking for pipe at token position: (1408, 472)
[ConnectionHelper] HighlightPipeAtPosition called with position: (1408, 472)
[ConnectionHelper] GameManager found: GameManager
[ConnectionHelper] Pipe found at position (1408, 472). Highlighting pipe.
[Debug DragHelper] Entering UpdateDrag with block: @Node2D@10, position: (1411, 458)
[Debug DragHelper] Updated block position to: (1411, 458)
[Debug InputHelper] Checking for pipe at token position: (1411, 458)
[ConnectionHelper] HighlightPipeAtPosition called with position: (1411, 458)
[ConnectionHelper] GameManager found: GameManager
[ConnectionHelper] Pipe found at position (1411, 458). Highlighting pipe.
[Debug DragHelper] Entering UpdateDrag with block: @Node2D@10, position: (1412, 456)
[Debug DragHelper] Updated block position to: (1412, 456)
[Debug InputHelper] Checking for pipe at token position: (1412, 456)
[ConnectionHelper] HighlightPipeAtPosition called with position: (1412, 456)
[ConnectionHelper] GameManager found: GameManager
[ConnectionHelper] Pipe found at position (1412, 456). Highlighting pipe.
[Debug DragHelper] Entering UpdateDrag with block: @Node2D@10, position: (1412, 455)
[Debug DragHelper] Updated block position to: (1412, 455)
[Debug InputHelper] Checking for pipe at token position: (1412, 455)
[ConnectionHelper] HighlightPipeAtPosition called with position: (1412, 455)
[ConnectionHelper] GameManager found: GameManager
[ConnectionHelper] Pipe found at position (1412, 455). Highlighting pipe.
[Debug DragHelper] Entering UpdateDrag with block: @Node2D@10, position: (1412, 455)
[Debug DragHelper] Updated block position to: (1412, 455)
[Debug InputHelper] Checking for pipe at token position: (1412, 455)
[ConnectionHelper] HighlightPipeAtPosition called with position: (1412, 455)
[ConnectionHelper] GameManager found: GameManager
[ConnectionHelper] Pipe found at position (1412, 455). Highlighting pipe.
[Debug DragHelper] Entering UpdateDrag with block: @Node2D@10, position: (1412, 454)
[Debug DragHelper] Updated block position to: (1412, 454)
[Debug InputHelper] Checking for pipe at token position: (1412, 454)
[ConnectionHelper] HighlightPipeAtPosition called with position: (1412, 454)
[ConnectionHelper] GameManager found: GameManager
[ConnectionHelper] Pipe found at position (1412, 454). Highlighting pipe.
[Debug DragHelper] Entering UpdateDrag with block: @Node2D@10, position: (1412, 453)
[Debug DragHelper] Updated block position to: (1412, 453)
[Debug InputHelper] Checking for pipe at token position: (1412, 453)
[ConnectionHelper] HighlightPipeAtPosition called with position: (1412, 453)
[ConnectionHelper] GameManager found: GameManager
[ConnectionHelper] Pipe found at position (1412, 453). Highlighting pipe.
[Debug DragHelper] Entering UpdateDrag with block: @Node2D@10, position: (1412, 456)
[Debug DragHelper] Updated block position to: (1412, 456)
[Debug InputHelper] Checking for pipe at token position: (1412, 456)
[ConnectionHelper] HighlightPipeAtPosition called with position: (1412, 456)
[ConnectionHelper] GameManager found: GameManager
[ConnectionHelper] Pipe found at position (1412, 456). Highlighting pipe.
[Debug DragHelper] Entering UpdateDrag with block: @Node2D@10, position: (1412, 464)
[Debug DragHelper] Updated block position to: (1412, 464)
[Debug InputHelper] Checking for pipe at token position: (1412, 464)
[ConnectionHelper] HighlightPipeAtPosition called with position: (1412, 464)
[ConnectionHelper] GameManager found: GameManager
[ConnectionHelper] Pipe found at position (1412, 464). Highlighting pipe.
[Debug DragHelper] Entering UpdateDrag with block: @Node2D@10, position: (1412, 468)
[Debug DragHelper] Updated block position to: (1412, 468)
[Debug InputHelper] Checking for pipe at token position: (1412, 468)
[ConnectionHelper] HighlightPipeAtPosition called with position: (1412, 468)
[ConnectionHelper] GameManager found: GameManager
[ConnectionHelper] Pipe found at position (1412, 468). Highlighting pipe.
[Debug DragHelper] Entering UpdateDrag with block: @Node2D@10, position: (1412, 468)
[Debug DragHelper] Updated block position to: (1412, 468)
[Debug InputHelper] Checking for pipe at token position: (1412, 468)
[ConnectionHelper] HighlightPipeAtPosition called with position: (1412, 468)
[ConnectionHelper] GameManager found: GameManager
[ConnectionHelper] Pipe found at position (1412, 468). Highlighting pipe.
[Debug InputHelper] Clicked dragged block @Node2D@10, placing it
[Debug InputHelper] Placing block @Node2D@10 at (1412, 468)
[Debug InputHelper] Attempting to connect block at position: (1412, 468)
[ConnectionManager Debug] Attempting to connect block  between  and Output
[BaseBlock Debug] Block @Node2D@10 resetting connections. Current state: Dragging
[BaseBlock Debug] Block @Node2D@10 reset input socket
[BaseBlock Debug] Block @Node2D@10 reset output socket
[BaseBlock Debug] Block @Node2D@10 finished resetting connections
[ConnectionManager Debug] Creating new connections for block 
(static insertion) Creating pipe between blocks:  -> 
From block type: F.Game.BlockLogic.BaseBlock, To block type: F.Game.BlockLogic.BaseBlock
From socket type: Godot.Node2D, To socket type: Godot.Node2D
(static insertion) Creating pipe between blocks:  -> Output
From block type: F.Game.BlockLogic.BaseBlock, To block type: F.Game.BlockLogic.Output
From socket type: Godot.Node2D, To socket type: Godot.Node2D
[BaseBlock Debug] Block @Node2D@10 state changed: Dragging -> Connected (CompleteConnection)
[ConnectionManager] Successfully connected block  between  and Output
[BaseBlock Debug] Block @Node2D@10 state changed: Connected -> Connected (CompleteConnection)
[ConnectionHelper Debug] Forced block @Node2D@10 to Connected state. Connection operation returned: True
[Debug InputHelper] Successfully connected block @Node2D@10
[Debug DragHelper] Entering EndDrag with block: @Node2D@10
[BaseBlock Debug] Block @Node2D@10 state changed: Connected -> Connected (SetDragging: False)
[Debug DragHelper] Block @Node2D@10 drag ended, Z-index set to 0
[Debug InputHelper] Block '@Node2D@9' is in the toolbar. Moving to BlockLayer before dragging.
[BaseBlock Debug] Block @Node2D@9 state changed: InToolbar -> Placed (SetInToolbar: False)
[Debug InputHelper] Starting drag for block '@Node2D@9' at (1162, 996)
[Debug DragHelper] Entering StartDrag with block: @Node2D@9, clickPosition: (1162, 996)
[Debug DragHelper] Set Z-index to 25 for dragged block
[Debug DragHelper] Positioned block at click position: (1162, 996)
[BaseBlock Debug] Block @Node2D@9 state changed: Placed -> Dragging (SetDragging: True)
[Debug DragHelper] Block @Node2D@9 is now in dragging state
[Debug DragHelper] Entering UpdateDrag with block: @Node2D@9, position: (1161, 995)
[Debug DragHelper] Updated block position to: (1161, 995)
[Debug InputHelper] Checking for pipe at token position: (1161, 995)
[ConnectionHelper] HighlightPipeAtPosition called with position: (1161, 995)
[ConnectionHelper] GameManager found: GameManager
[ConnectionHelper] No pipe found at position: (1161, 995)
[Debug DragHelper] Entering UpdateDrag with block: @Node2D@9, position: (1161, 995)
[Debug DragHelper] Updated block position to: (1161, 995)
[Debug InputHelper] Checking for pipe at token position: (1161, 995)
[ConnectionHelper] HighlightPipeAtPosition called with position: (1161, 995)
[ConnectionHelper] GameManager found: GameManager
[ConnectionHelper] No pipe found at position: (1161, 995)
[Debug DragHelper] Entering UpdateDrag with block: @Node2D@9, position: (1160, 994)
[Debug DragHelper] Updated block position to: (1160, 994)
[Debug InputHelper] Checking for pipe at token position: (1160, 994)
[ConnectionHelper] HighlightPipeAtPosition called with position: (1160, 994)
[ConnectionHelper] GameManager found: GameManager
[ConnectionHelper] No pipe found at position: (1160, 994)
[Debug DragHelper] Entering UpdateDrag with block: @Node2D@9, position: (1085, 866)
[Debug DragHelper] Updated block position to: (1085, 866)
[Debug InputHelper] Checking for pipe at token position: (1085, 866)
[ConnectionHelper] HighlightPipeAtPosition called with position: (1085, 866)
[ConnectionHelper] GameManager found: GameManager
[ConnectionHelper] No pipe found at position: (1085, 866)
[Debug DragHelper] Entering UpdateDrag with block: @Node2D@9, position: (1075, 840)
[Debug DragHelper] Updated block position to: (1075, 840)
[Debug InputHelper] Checking for pipe at token position: (1075, 840)
[ConnectionHelper] HighlightPipeAtPosition called with position: (1075, 840)
[ConnectionHelper] GameManager found: GameManager
[ConnectionHelper] No pipe found at position: (1075, 840)
[Debug DragHelper] Entering UpdateDrag with block: @Node2D@9, position: (1072, 834)
[Debug DragHelper] Updated block position to: (1072, 834)
[Debug InputHelper] Checking for pipe at token position: (1072, 834)
[ConnectionHelper] HighlightPipeAtPosition called with position: (1072, 834)
[ConnectionHelper] GameManager found: GameManager
[ConnectionHelper] No pipe found at position: (1072, 834)
[Debug DragHelper] Entering UpdateDrag with block: @Node2D@9, position: (1063, 817)
[Debug DragHelper] Updated block position to: (1063, 817)
[Debug InputHelper] Checking for pipe at token position: (1063, 817)
[ConnectionHelper] HighlightPipeAtPosition called with position: (1063, 817)
[ConnectionHelper] GameManager found: GameManager
[ConnectionHelper] No pipe found at position: (1063, 817)
[Debug DragHelper] Entering UpdateDrag with block: @Node2D@9, position: (1045, 794)
[Debug DragHelper] Updated block position to: (1045, 794)
[Debug InputHelper] Checking for pipe at token position: (1045, 794)
[ConnectionHelper] HighlightPipeAtPosition called with position: (1045, 794)
[ConnectionHelper] GameManager found: GameManager
[ConnectionHelper] No pipe found at position: (1045, 794)
[Debug DragHelper] Entering UpdateDrag with block: @Node2D@9, position: (1018, 763)
[Debug DragHelper] Updated block position to: (1018, 763)
[Debug InputHelper] Checking for pipe at token position: (1018, 763)
[ConnectionHelper] HighlightPipeAtPosition called with position: (1018, 763)
[ConnectionHelper] GameManager found: GameManager
[ConnectionHelper] No pipe found at position: (1018, 763)
[Debug DragHelper] Entering UpdateDrag with block: @Node2D@9, position: (979, 715)
[Debug DragHelper] Updated block position to: (979, 715)
[Debug InputHelper] Checking for pipe at token position: (979, 715)
[ConnectionHelper] HighlightPipeAtPosition called with position: (979, 715)
[ConnectionHelper] GameManager found: GameManager
[ConnectionHelper] No pipe found at position: (979, 715)
[Debug DragHelper] Entering UpdateDrag with block: @Node2D@9, position: (966, 697)
[Debug DragHelper] Updated block position to: (966, 697)
[Debug InputHelper] Checking for pipe at token position: (966, 697)
[ConnectionHelper] HighlightPipeAtPosition called with position: (966, 697)
[ConnectionHelper] GameManager found: GameManager
[ConnectionHelper] No pipe found at position: (966, 697)
[Debug DragHelper] Entering UpdateDrag with block: @Node2D@9, position: (963, 688)
[Debug DragHelper] Updated block position to: (963, 688)
[Debug InputHelper] Checking for pipe at token position: (963, 688)
[ConnectionHelper] HighlightPipeAtPosition called with position: (963, 688)
[ConnectionHelper] GameManager found: GameManager
[ConnectionHelper] No pipe found at position: (963, 688)
[Debug DragHelper] Entering UpdateDrag with block: @Node2D@9, position: (954, 672)
[Debug DragHelper] Updated block position to: (954, 672)
[Debug InputHelper] Checking for pipe at token position: (954, 672)
[ConnectionHelper] HighlightPipeAtPosition called with position: (954, 672)
[ConnectionHelper] GameManager found: GameManager
[ConnectionHelper] No pipe found at position: (954, 672)
[Debug DragHelper] Entering UpdateDrag with block: @Node2D@9, position: (932, 636)
[Debug DragHelper] Updated block position to: (932, 636)
[Debug InputHelper] Checking for pipe at token position: (932, 636)
[ConnectionHelper] HighlightPipeAtPosition called with position: (932, 636)
[ConnectionHelper] GameManager found: GameManager
[ConnectionHelper] No pipe found at position: (932, 636)
[Debug DragHelper] Entering UpdateDrag with block: @Node2D@9, position: (900, 587)
[Debug DragHelper] Updated block position to: (900, 587)
[Debug InputHelper] Checking for pipe at token position: (900, 587)
[ConnectionHelper] HighlightPipeAtPosition called with position: (900, 587)
[ConnectionHelper] GameManager found: GameManager
[ConnectionHelper] No pipe found at position: (900, 587)
[Debug DragHelper] Entering UpdateDrag with block: @Node2D@9, position: (880, 560)
[Debug DragHelper] Updated block position to: (880, 560)
[Debug InputHelper] Checking for pipe at token position: (880, 560)
[ConnectionHelper] HighlightPipeAtPosition called with position: (880, 560)
[ConnectionHelper] GameManager found: GameManager
[ConnectionHelper] Pipe found at position (880, 560). Highlighting pipe.
[Debug DragHelper] Entering UpdateDrag with block: @Node2D@9, position: (862, 537)
[Debug DragHelper] Updated block position to: (862, 537)
[Debug InputHelper] Checking for pipe at token position: (862, 537)
[ConnectionHelper] HighlightPipeAtPosition called with position: (862, 537)
[ConnectionHelper] GameManager found: GameManager
[ConnectionHelper] Pipe found at position (862, 537). Highlighting pipe.
[Debug DragHelper] Entering UpdateDrag with block: @Node2D@9, position: (858, 527)
[Debug DragHelper] Updated block position to: (858, 527)
[Debug InputHelper] Checking for pipe at token position: (858, 527)
[ConnectionHelper] HighlightPipeAtPosition called with position: (858, 527)
[ConnectionHelper] GameManager found: GameManager
[ConnectionHelper] Pipe found at position (858, 527). Highlighting pipe.
[Debug DragHelper] Entering UpdateDrag with block: @Node2D@9, position: (857, 525)
[Debug DragHelper] Updated block position to: (857, 525)
[Debug InputHelper] Checking for pipe at token position: (857, 525)
[ConnectionHelper] HighlightPipeAtPosition called with position: (857, 525)
[ConnectionHelper] GameManager found: GameManager
[ConnectionHelper] Pipe found at position (857, 525). Highlighting pipe.
[Debug DragHelper] Entering UpdateDrag with block: @Node2D@9, position: (854, 523)
[Debug DragHelper] Updated block position to: (854, 523)
[Debug InputHelper] Checking for pipe at token position: (854, 523)
[ConnectionHelper] HighlightPipeAtPosition called with position: (854, 523)
[ConnectionHelper] GameManager found: GameManager
[ConnectionHelper] Pipe found at position (854, 523). Highlighting pipe.
[Debug DragHelper] Entering UpdateDrag with block: @Node2D@9, position: (834, 519)
[Debug DragHelper] Updated block position to: (834, 519)
[Debug InputHelper] Checking for pipe at token position: (834, 519)
[ConnectionHelper] HighlightPipeAtPosition called with position: (834, 519)
[ConnectionHelper] GameManager found: GameManager
[ConnectionHelper] Pipe found at position (834, 519). Highlighting pipe.
[Debug DragHelper] Entering UpdateDrag with block: @Node2D@9, position: (813, 519)
[Debug DragHelper] Updated block position to: (813, 519)
[Debug InputHelper] Checking for pipe at token position: (813, 519)
[ConnectionHelper] HighlightPipeAtPosition called with position: (813, 519)
[ConnectionHelper] GameManager found: GameManager
[ConnectionHelper] Pipe found at position (813, 519). Highlighting pipe.
[Debug DragHelper] Entering UpdateDrag with block: @Node2D@9, position: (788, 519)
[Debug DragHelper] Updated block position to: (788, 519)
[Debug InputHelper] Checking for pipe at token position: (788, 519)
[ConnectionHelper] HighlightPipeAtPosition called with position: (788, 519)
[ConnectionHelper] GameManager found: GameManager
[ConnectionHelper] Pipe found at position (788, 519). Highlighting pipe.
[Debug DragHelper] Entering UpdateDrag with block: @Node2D@9, position: (774, 521)
[Debug DragHelper] Updated block position to: (774, 521)
[Debug InputHelper] Checking for pipe at token position: (774, 521)
[ConnectionHelper] HighlightPipeAtPosition called with position: (774, 521)
[ConnectionHelper] GameManager found: GameManager
[ConnectionHelper] Pipe found at position (774, 521). Highlighting pipe.
[Debug DragHelper] Entering UpdateDrag with block: @Node2D@9, position: (771, 522)
[Debug DragHelper] Updated block position to: (771, 522)
[Debug InputHelper] Checking for pipe at token position: (771, 522)
[ConnectionHelper] HighlightPipeAtPosition called with position: (771, 522)
[ConnectionHelper] GameManager found: GameManager
[ConnectionHelper] Pipe found at position (771, 522). Highlighting pipe.
[Debug DragHelper] Entering UpdateDrag with block: @Node2D@9, position: (769, 522)
[Debug DragHelper] Updated block position to: (769, 522)
[Debug InputHelper] Checking for pipe at token position: (769, 522)
[ConnectionHelper] HighlightPipeAtPosition called with position: (769, 522)
[ConnectionHelper] GameManager found: GameManager
[ConnectionHelper] Pipe found at position (769, 522). Highlighting pipe.
[Debug DragHelper] Entering UpdateDrag with block: @Node2D@9, position: (767, 520)
[Debug DragHelper] Updated block position to: (767, 520)
[Debug InputHelper] Checking for pipe at token position: (767, 520)
[ConnectionHelper] HighlightPipeAtPosition called with position: (767, 520)
[ConnectionHelper] GameManager found: GameManager
[ConnectionHelper] Pipe found at position (767, 520). Highlighting pipe.
[Debug DragHelper] Entering UpdateDrag with block: @Node2D@9, position: (763, 516)
[Debug DragHelper] Updated block position to: (763, 516)
[Debug InputHelper] Checking for pipe at token position: (763, 516)
[ConnectionHelper] HighlightPipeAtPosition called with position: (763, 516)
[ConnectionHelper] GameManager found: GameManager
[ConnectionHelper] Pipe found at position (763, 516). Highlighting pipe.
[Debug DragHelper] Entering UpdateDrag with block: @Node2D@9, position: (760, 509)
[Debug DragHelper] Updated block position to: (760, 509)
[Debug InputHelper] Checking for pipe at token position: (760, 509)
[ConnectionHelper] HighlightPipeAtPosition called with position: (760, 509)
[ConnectionHelper] GameManager found: GameManager
[ConnectionHelper] Pipe found at position (760, 509). Highlighting pipe.
[Debug DragHelper] Entering UpdateDrag with block: @Node2D@9, position: (760, 508)
[Debug DragHelper] Updated block position to: (760, 508)
[Debug InputHelper] Checking for pipe at token position: (760, 508)
[ConnectionHelper] HighlightPipeAtPosition called with position: (760, 508)
[ConnectionHelper] GameManager found: GameManager
[ConnectionHelper] Pipe found at position (760, 508). Highlighting pipe.
[Debug DragHelper] Entering UpdateDrag with block: @Node2D@9, position: (760, 506)
[Debug DragHelper] Updated block position to: (760, 506)
[Debug InputHelper] Checking for pipe at token position: (760, 506)
[ConnectionHelper] HighlightPipeAtPosition called with position: (760, 506)
[ConnectionHelper] GameManager found: GameManager
[ConnectionHelper] Pipe found at position (760, 506). Highlighting pipe.
[Debug DragHelper] Entering UpdateDrag with block: @Node2D@9, position: (760, 506)
[Debug DragHelper] Updated block position to: (760, 506)
[Debug InputHelper] Checking for pipe at token position: (760, 506)
[ConnectionHelper] HighlightPipeAtPosition called with position: (760, 506)
[ConnectionHelper] GameManager found: GameManager
[ConnectionHelper] Pipe found at position (760, 506). Highlighting pipe.
[Debug InputHelper] Clicked dragged block @Node2D@9, placing it
[Debug InputHelper] Placing block @Node2D@9 at (760, 506)
[Debug InputHelper] Attempting to connect block at position: (760, 506)
[ConnectionManager Debug] Attempting to connect block  between Input and 
[BaseBlock Debug] Block @Node2D@9 resetting connections. Current state: Dragging
[BaseBlock Debug] Block @Node2D@9 reset input socket
[BaseBlock Debug] Block @Node2D@9 reset output socket
[BaseBlock Debug] Block @Node2D@9 finished resetting connections
[ConnectionManager Debug] Creating new connections for block 
(static insertion) Creating pipe between blocks: Input -> 
From block type: F.Game.BlockLogic.Input, To block type: F.Game.BlockLogic.BaseBlock
From socket type: F.Game.BlockLogic.Input, To socket type: Godot.Node2D
(static insertion) Creating pipe between blocks:  -> 
From block type: F.Game.BlockLogic.BaseBlock, To block type: F.Game.BlockLogic.BaseBlock
From socket type: Godot.Node2D, To socket type: Godot.Node2D
[BaseBlock Debug] Block @Node2D@9 state changed: Dragging -> Connected (CompleteConnection)
[ConnectionManager] Successfully connected block  between Input and 
[BaseBlock Debug] Block @Node2D@9 state changed: Connected -> Connected (CompleteConnection)
[ConnectionHelper Debug] Forced block @Node2D@9 to Connected state. Connection operation returned: True
[Debug InputHelper] Successfully connected block @Node2D@9
[Debug DragHelper] Entering EndDrag with block: @Node2D@9
[BaseBlock Debug] Block @Node2D@9 state changed: Connected -> Connected (SetDragging: False)
[Debug DragHelper] Block @Node2D@9 drag ended, Z-index set to 0
[Input Debug] Spacebar pressed
[Input Debug] Checking for connections at socket position: (205, 539.845)
[Input Debug] Found pipe: True
[Input Debug] Has connections: True
[Input Debug] Spawning token
[TokenManager Debug] SpawnToken called
[Input Debug] Using token socket position: (301, 539.845)
[Input Debug] Using token socket position: (301, 539.845)
USER ERROR: Node not found: "Sprite" (relative to "/root/Main/GameManager/TokenLayer/Token/TokenVisuals").
   at: get_node (scene/main/node.cpp:1793)
[TokenManager Debug] Token created with value 1
[ConnectionManager Debug] Found next block in chain from Input: 
[TokenManager Debug] Next block found: True
[TokenManager Debug] Moving token to next block
[BaseBlock Debug] Processing token in block @Node2D@9
[BaseBlock Debug] Executing script for block @Node2D@9 with script: 
                        float Value = 1;
                        Action<string> Print = Godot.GD.Print;
                        Action<string> PrintErr = Godot.GD.PrintErr;
                        Value *= 2.0f;
                        return Value;
                    
[BaseBlock Debug] Script execution completed for block @Node2D@9
[BaseBlock Debug] Starting common token processing in block @Node2D@9
[BaseBlock Debug] Added block @Node2D@9 to token's processed blocks
[ConnectionManager Debug] Found next block in chain from : 
[BaseBlock Debug] GetNextConnection returned nextBlock: , pipe: valid
[BaseBlock Debug] Moving token from block @Node2D@9 to block 
[BaseBlock Debug] Processing token in block @Node2D@11
[BaseBlock Debug] Executing script for block @Node2D@11 with script: 
                        float Value = 2;
                        Action<string> Print = Godot.GD.Print;
                        Action<string> PrintErr = Godot.GD.PrintErr;
                        Value *= 2.0f;
                        return Value;
                    
[BaseBlock Debug] Script execution completed for block @Node2D@11
[BaseBlock Debug] Starting common token processing in block @Node2D@11
[BaseBlock Debug] Added block @Node2D@11 to token's processed blocks
[ConnectionManager Debug] Found next block in chain from : 
[BaseBlock Debug] GetNextConnection returned nextBlock: , pipe: valid
[BaseBlock Debug] Moving token from block @Node2D@11 to block 
[BaseBlock Debug] Processing token in block @Node2D@10
[BaseBlock Debug] Executing script for block @Node2D@10 with script: 
                        float Value = 4;
                        Action<string> Print = Godot.GD.Print;
                        Action<string> PrintErr = Godot.GD.PrintErr;
                        Value += 1.0f;
                        return Value;
                    
[BaseBlock Debug] Script execution completed for block @Node2D@10
[BaseBlock Debug] Starting common token processing in block @Node2D@10
[BaseBlock Debug] Added block @Node2D@10 to token's processed blocks
[ConnectionManager Debug] Found next block in chain from : Output
[BaseBlock Debug] GetNextConnection returned nextBlock: Output, pipe: valid
[BaseBlock Debug] Moving token from block @Node2D@10 to block Output
[Output Debug] Received token with value: 5
[Output Debug] Updated value label to: 5.0
[TokenManager Debug] Removed 1 completed tokens
[Debug InputHelper] Block '@Node2D@7' is in the toolbar. Moving to BlockLayer before dragging.
[BaseBlock Debug] Block @Node2D@7 state changed: InToolbar -> Placed (SetInToolbar: False)
[Debug InputHelper] Starting drag for block '@Node2D@7' at (871, 979)
[Debug DragHelper] Entering StartDrag with block: @Node2D@7, clickPosition: (871, 979)
[Debug DragHelper] Set Z-index to 25 for dragged block
[Debug DragHelper] Positioned block at click position: (871, 979)
[BaseBlock Debug] Block @Node2D@7 state changed: Placed -> Dragging (SetDragging: True)
[Debug DragHelper] Block @Node2D@7 is now in dragging state
[Debug DragHelper] Entering UpdateDrag with block: @Node2D@7, position: (880, 977)
[Debug DragHelper] Updated block position to: (880, 977)
[Debug InputHelper] Checking for pipe at token position: (880, 977)
[ConnectionHelper] HighlightPipeAtPosition called with position: (880, 977)
[ConnectionHelper] GameManager found: GameManager
[ConnectionHelper] No pipe found at position: (880, 977)
[Debug DragHelper] Entering UpdateDrag with block: @Node2D@7, position: (891, 974)
[Debug DragHelper] Updated block position to: (891, 974)
[Debug InputHelper] Checking for pipe at token position: (891, 974)
[ConnectionHelper] HighlightPipeAtPosition called with position: (891, 974)
[ConnectionHelper] GameManager found: GameManager
[ConnectionHelper] No pipe found at position: (891, 974)
[Debug DragHelper] Entering UpdateDrag with block: @Node2D@7, position: (908, 966)
[Debug DragHelper] Updated block position to: (908, 966)
[Debug InputHelper] Checking for pipe at token position: (908, 966)
[ConnectionHelper] HighlightPipeAtPosition called with position: (908, 966)
[ConnectionHelper] GameManager found: GameManager
[ConnectionHelper] No pipe found at position: (908, 966)
[Debug DragHelper] Entering UpdateDrag with block: @Node2D@7, position: (962, 941)
[Debug DragHelper] Updated block position to: (962, 941)
[Debug InputHelper] Checking for pipe at token position: (962, 941)
[ConnectionHelper] HighlightPipeAtPosition called with position: (962, 941)
[ConnectionHelper] GameManager found: GameManager
[ConnectionHelper] No pipe found at position: (962, 941)
[Debug DragHelper] Entering UpdateDrag with block: @Node2D@7, position: (1039, 904)
[Debug DragHelper] Updated block position to: (1039, 904)
[Debug InputHelper] Checking for pipe at token position: (1039, 904)
[ConnectionHelper] HighlightPipeAtPosition called with position: (1039, 904)
[ConnectionHelper] GameManager found: GameManager
[ConnectionHelper] No pipe found at position: (1039, 904)
[Debug DragHelper] Entering UpdateDrag with block: @Node2D@7, position: (1063, 893)
[Debug DragHelper] Updated block position to: (1063, 893)
[Debug InputHelper] Checking for pipe at token position: (1063, 893)
[ConnectionHelper] HighlightPipeAtPosition called with position: (1063, 893)
[ConnectionHelper] GameManager found: GameManager
[ConnectionHelper] No pipe found at position: (1063, 893)
[Debug DragHelper] Entering UpdateDrag with block: @Node2D@7, position: (1108, 874)
[Debug DragHelper] Updated block position to: (1108, 874)
[Debug InputHelper] Checking for pipe at token position: (1108, 874)
[ConnectionHelper] HighlightPipeAtPosition called with position: (1108, 874)
[ConnectionHelper] GameManager found: GameManager
[ConnectionHelper] No pipe found at position: (1108, 874)
[Debug DragHelper] Entering UpdateDrag with block: @Node2D@7, position: (1151, 850)
[Debug DragHelper] Updated block position to: (1151, 850)
[Debug InputHelper] Checking for pipe at token position: (1151, 850)
[ConnectionHelper] HighlightPipeAtPosition called with position: (1151, 850)
[ConnectionHelper] GameManager found: GameManager
[ConnectionHelper] No pipe found at position: (1151, 850)
[Debug DragHelper] Entering UpdateDrag with block: @Node2D@7, position: (1226, 813)
[Debug DragHelper] Updated block position to: (1226, 813)
[Debug InputHelper] Checking for pipe at token position: (1226, 813)
[ConnectionHelper] HighlightPipeAtPosition called with position: (1226, 813)
[ConnectionHelper] GameManager found: GameManager
[ConnectionHelper] No pipe found at position: (1226, 813)
[Debug DragHelper] Entering UpdateDrag with block: @Node2D@7, position: (1251, 801)
[Debug DragHelper] Updated block position to: (1251, 801)
[Debug InputHelper] Checking for pipe at token position: (1251, 801)
[ConnectionHelper] HighlightPipeAtPosition called with position: (1251, 801)
[ConnectionHelper] GameManager found: GameManager
[ConnectionHelper] No pipe found at position: (1251, 801)
[Debug DragHelper] Entering UpdateDrag with block: @Node2D@7, position: (1290, 780)
[Debug DragHelper] Updated block position to: (1290, 780)
[Debug InputHelper] Checking for pipe at token position: (1290, 780)
[ConnectionHelper] HighlightPipeAtPosition called with position: (1290, 780)
[ConnectionHelper] GameManager found: GameManager
[ConnectionHelper] No pipe found at position: (1290, 780)
[Debug DragHelper] Entering UpdateDrag with block: @Node2D@7, position: (1335, 757)
[Debug DragHelper] Updated block position to: (1335, 757)
[Debug InputHelper] Checking for pipe at token position: (1335, 757)
[ConnectionHelper] HighlightPipeAtPosition called with position: (1335, 757)
[ConnectionHelper] GameManager found: GameManager
[ConnectionHelper] No pipe found at position: (1335, 757)
[Debug DragHelper] Entering UpdateDrag with block: @Node2D@7, position: (1357, 741)
[Debug DragHelper] Updated block position to: (1357, 741)
[Debug InputHelper] Checking for pipe at token position: (1357, 741)
[ConnectionHelper] HighlightPipeAtPosition called with position: (1357, 741)
[ConnectionHelper] GameManager found: GameManager
[ConnectionHelper] No pipe found at position: (1357, 741)
[Debug DragHelper] Entering UpdateDrag with block: @Node2D@7, position: (1373, 730)
[Debug DragHelper] Updated block position to: (1373, 730)
[Debug InputHelper] Checking for pipe at token position: (1373, 730)
[ConnectionHelper] HighlightPipeAtPosition called with position: (1373, 730)
[ConnectionHelper] GameManager found: GameManager
[ConnectionHelper] No pipe found at position: (1373, 730)
[Debug DragHelper] Entering UpdateDrag with block: @Node2D@7, position: (1387, 722)
[Debug DragHelper] Updated block position to: (1387, 722)
[Debug InputHelper] Checking for pipe at token position: (1387, 722)
[ConnectionHelper] HighlightPipeAtPosition called with position: (1387, 722)
[ConnectionHelper] GameManager found: GameManager
[ConnectionHelper] No pipe found at position: (1387, 722)
[Debug DragHelper] Entering UpdateDrag with block: @Node2D@7, position: (1404, 712)
[Debug DragHelper] Updated block position to: (1404, 712)
[Debug InputHelper] Checking for pipe at token position: (1404, 712)
[ConnectionHelper] HighlightPipeAtPosition called with position: (1404, 712)
[ConnectionHelper] GameManager found: GameManager
[ConnectionHelper] No pipe found at position: (1404, 712)
[Debug DragHelper] Entering UpdateDrag with block: @Node2D@7, position: (1422, 701)
[Debug DragHelper] Updated block position to: (1422, 701)
[Debug InputHelper] Checking for pipe at token position: (1422, 701)
[ConnectionHelper] HighlightPipeAtPosition called with position: (1422, 701)
[ConnectionHelper] GameManager found: GameManager
[ConnectionHelper] No pipe found at position: (1422, 701)
[Debug DragHelper] Entering UpdateDrag with block: @Node2D@7, position: (1439, 691)
[Debug DragHelper] Updated block position to: (1439, 691)
[Debug InputHelper] Checking for pipe at token position: (1439, 691)
[ConnectionHelper] HighlightPipeAtPosition called with position: (1439, 691)
[ConnectionHelper] GameManager found: GameManager
[ConnectionHelper] No pipe found at position: (1439, 691)
[Debug DragHelper] Entering UpdateDrag with block: @Node2D@7, position: (1456, 678)
[Debug DragHelper] Updated block position to: (1456, 678)
[Debug InputHelper] Checking for pipe at token position: (1456, 678)
[ConnectionHelper] HighlightPipeAtPosition called with position: (1456, 678)
[ConnectionHelper] GameManager found: GameManager
[ConnectionHelper] No pipe found at position: (1456, 678)
[Debug DragHelper] Entering UpdateDrag with block: @Node2D@7, position: (1468, 665)
[Debug DragHelper] Updated block position to: (1468, 665)
[Debug InputHelper] Checking for pipe at token position: (1468, 665)
[ConnectionHelper] HighlightPipeAtPosition called with position: (1468, 665)
[ConnectionHelper] GameManager found: GameManager
[ConnectionHelper] No pipe found at position: (1468, 665)
[Debug DragHelper] Entering UpdateDrag with block: @Node2D@7, position: (1487, 645)
[Debug DragHelper] Updated block position to: (1487, 645)
[Debug InputHelper] Checking for pipe at token position: (1487, 645)
[ConnectionHelper] HighlightPipeAtPosition called with position: (1487, 645)
[ConnectionHelper] GameManager found: GameManager
[ConnectionHelper] No pipe found at position: (1487, 645)
[Debug DragHelper] Entering UpdateDrag with block: @Node2D@7, position: (1501, 632)
[Debug DragHelper] Updated block position to: (1501, 632)
[Debug InputHelper] Checking for pipe at token position: (1501, 632)
[ConnectionHelper] HighlightPipeAtPosition called with position: (1501, 632)
[ConnectionHelper] GameManager found: GameManager
[ConnectionHelper] No pipe found at position: (1501, 632)
[Debug DragHelper] Entering UpdateDrag with block: @Node2D@7, position: (1511, 625)
[Debug DragHelper] Updated block position to: (1511, 625)
[Debug InputHelper] Checking for pipe at token position: (1511, 625)
[ConnectionHelper] HighlightPipeAtPosition called with position: (1511, 625)
[ConnectionHelper] GameManager found: GameManager
[ConnectionHelper] No pipe found at position: (1511, 625)
[Debug DragHelper] Entering UpdateDrag with block: @Node2D@7, position: (1514, 623)
[Debug DragHelper] Updated block position to: (1514, 623)
[Debug InputHelper] Checking for pipe at token position: (1514, 623)
[ConnectionHelper] HighlightPipeAtPosition called with position: (1514, 623)
[ConnectionHelper] GameManager found: GameManager
[ConnectionHelper] No pipe found at position: (1514, 623)
[Debug DragHelper] Entering UpdateDrag with block: @Node2D@7, position: (1515, 622)
[Debug DragHelper] Updated block position to: (1515, 622)
[Debug InputHelper] Checking for pipe at token position: (1515, 622)
[ConnectionHelper] HighlightPipeAtPosition called with position: (1515, 622)
[ConnectionHelper] GameManager found: GameManager
[ConnectionHelper] No pipe found at position: (1515, 622)
[Debug DragHelper] Entering UpdateDrag with block: @Node2D@7, position: (1515, 622)
[Debug DragHelper] Updated block position to: (1515, 622)
[Debug InputHelper] Checking for pipe at token position: (1515, 622)
[ConnectionHelper] HighlightPipeAtPosition called with position: (1515, 622)
[ConnectionHelper] GameManager found: GameManager
[ConnectionHelper] No pipe found at position: (1515, 622)
[Debug DragHelper] Entering UpdateDrag with block: @Node2D@7, position: (1517, 621)
[Debug DragHelper] Updated block position to: (1517, 621)
[Debug InputHelper] Checking for pipe at token position: (1517, 621)
[ConnectionHelper] HighlightPipeAtPosition called with position: (1517, 621)
[ConnectionHelper] GameManager found: GameManager
[ConnectionHelper] No pipe found at position: (1517, 621)
[Debug DragHelper] Entering UpdateDrag with block: @Node2D@7, position: (1518, 619)
[Debug DragHelper] Updated block position to: (1518, 619)
[Debug InputHelper] Checking for pipe at token position: (1518, 619)
[ConnectionHelper] HighlightPipeAtPosition called with position: (1518, 619)
[ConnectionHelper] GameManager found: GameManager
[ConnectionHelper] No pipe found at position: (1518, 619)
[Debug DragHelper] Entering UpdateDrag with block: @Node2D@7, position: (1522, 616)
[Debug DragHelper] Updated block position to: (1522, 616)
[Debug InputHelper] Checking for pipe at token position: (1522, 616)
[ConnectionHelper] HighlightPipeAtPosition called with position: (1522, 616)
[ConnectionHelper] GameManager found: GameManager
[ConnectionHelper] No pipe found at position: (1522, 616)
[Debug DragHelper] Entering UpdateDrag with block: @Node2D@7, position: (1530, 603)
[Debug DragHelper] Updated block position to: (1530, 603)
[Debug InputHelper] Checking for pipe at token position: (1530, 603)
[ConnectionHelper] HighlightPipeAtPosition called with position: (1530, 603)
[ConnectionHelper] GameManager found: GameManager
[ConnectionHelper] Pipe found at position (1530, 603). Highlighting pipe.
[Debug DragHelper] Entering UpdateDrag with block: @Node2D@7, position: (1535, 589)
[Debug DragHelper] Updated block position to: (1535, 589)
[Debug InputHelper] Checking for pipe at token position: (1535, 589)
[ConnectionHelper] HighlightPipeAtPosition called with position: (1535, 589)
[ConnectionHelper] GameManager found: GameManager
[ConnectionHelper] Pipe found at position (1535, 589). Highlighting pipe.
[Debug DragHelper] Entering UpdateDrag with block: @Node2D@7, position: (1537, 574)
[Debug DragHelper] Updated block position to: (1537, 574)
[Debug InputHelper] Checking for pipe at token position: (1537, 574)
[ConnectionHelper] HighlightPipeAtPosition called with position: (1537, 574)
[ConnectionHelper] GameManager found: GameManager
[ConnectionHelper] Pipe found at position (1537, 574). Highlighting pipe.
[Debug DragHelper] Entering UpdateDrag with block: @Node2D@7, position: (1537, 557)
[Debug DragHelper] Updated block position to: (1537, 557)
[Debug InputHelper] Checking for pipe at token position: (1537, 557)
[ConnectionHelper] HighlightPipeAtPosition called with position: (1537, 557)
[ConnectionHelper] GameManager found: GameManager
[ConnectionHelper] Pipe found at position (1537, 557). Highlighting pipe.
[Debug DragHelper] Entering UpdateDrag with block: @Node2D@7, position: (1537, 554)
[Debug DragHelper] Updated block position to: (1537, 554)
[Debug InputHelper] Checking for pipe at token position: (1537, 554)
[ConnectionHelper] HighlightPipeAtPosition called with position: (1537, 554)
[ConnectionHelper] GameManager found: GameManager
[ConnectionHelper] Pipe found at position (1537, 554). Highlighting pipe.
[Debug DragHelper] Entering UpdateDrag with block: @Node2D@7, position: (1538, 553)
[Debug DragHelper] Updated block position to: (1538, 553)
[Debug InputHelper] Checking for pipe at token position: (1538, 553)
[ConnectionHelper] HighlightPipeAtPosition called with position: (1538, 553)
[ConnectionHelper] GameManager found: GameManager
[ConnectionHelper] Pipe found at position (1538, 553). Highlighting pipe.
[Debug DragHelper] Entering UpdateDrag with block: @Node2D@7, position: (1539, 552)
[Debug DragHelper] Updated block position to: (1539, 552)
[Debug InputHelper] Checking for pipe at token position: (1539, 552)
[ConnectionHelper] HighlightPipeAtPosition called with position: (1539, 552)
[ConnectionHelper] GameManager found: GameManager
[ConnectionHelper] Pipe found at position (1539, 552). Highlighting pipe.
[Debug DragHelper] Entering UpdateDrag with block: @Node2D@7, position: (1540, 551)
[Debug DragHelper] Updated block position to: (1540, 551)
[Debug InputHelper] Checking for pipe at token position: (1540, 551)
[ConnectionHelper] HighlightPipeAtPosition called with position: (1540, 551)
[ConnectionHelper] GameManager found: GameManager
[ConnectionHelper] Pipe found at position (1540, 551). Highlighting pipe.
[Debug DragHelper] Entering UpdateDrag with block: @Node2D@7, position: (1540, 551)
[Debug DragHelper] Updated block position to: (1540, 551)
[Debug InputHelper] Checking for pipe at token position: (1540, 551)
[ConnectionHelper] HighlightPipeAtPosition called with position: (1540, 551)
[ConnectionHelper] GameManager found: GameManager
[ConnectionHelper] Pipe found at position (1540, 551). Highlighting pipe.
[Debug DragHelper] Entering UpdateDrag with block: @Node2D@7, position: (1540, 549)
[Debug DragHelper] Updated block position to: (1540, 549)
[Debug InputHelper] Checking for pipe at token position: (1540, 549)
[ConnectionHelper] HighlightPipeAtPosition called with position: (1540, 549)
[ConnectionHelper] GameManager found: GameManager
[ConnectionHelper] Pipe found at position (1540, 549). Highlighting pipe.
[Debug DragHelper] Entering UpdateDrag with block: @Node2D@7, position: (1541, 547)
[Debug DragHelper] Updated block position to: (1541, 547)
[Debug InputHelper] Checking for pipe at token position: (1541, 547)
[ConnectionHelper] HighlightPipeAtPosition called with position: (1541, 547)
[ConnectionHelper] GameManager found: GameManager
[ConnectionHelper] Pipe found at position (1541, 547). Highlighting pipe.
[Debug DragHelper] Entering UpdateDrag with block: @Node2D@7, position: (1542, 546)
[Debug DragHelper] Updated block position to: (1542, 546)
[Debug InputHelper] Checking for pipe at token position: (1542, 546)
[ConnectionHelper] HighlightPipeAtPosition called with position: (1542, 546)
[ConnectionHelper] GameManager found: GameManager
[ConnectionHelper] Pipe found at position (1542, 546). Highlighting pipe.
[Debug DragHelper] Entering UpdateDrag with block: @Node2D@7, position: (1542, 546)
[Debug DragHelper] Updated block position to: (1542, 546)
[Debug InputHelper] Checking for pipe at token position: (1542, 546)
[ConnectionHelper] HighlightPipeAtPosition called with position: (1542, 546)
[ConnectionHelper] GameManager found: GameManager
[ConnectionHelper] Pipe found at position (1542, 546). Highlighting pipe.
[Debug DragHelper] Entering UpdateDrag with block: @Node2D@7, position: (1542, 544)
[Debug DragHelper] Updated block position to: (1542, 544)
[Debug InputHelper] Checking for pipe at token position: (1542, 544)
[ConnectionHelper] HighlightPipeAtPosition called with position: (1542, 544)
[ConnectionHelper] GameManager found: GameManager
[ConnectionHelper] Pipe found at position (1542, 544). Highlighting pipe.
[Debug DragHelper] Entering UpdateDrag with block: @Node2D@7, position: (1542, 543)
[Debug DragHelper] Updated block position to: (1542, 543)
[Debug InputHelper] Checking for pipe at token position: (1542, 543)
[ConnectionHelper] HighlightPipeAtPosition called with position: (1542, 543)
[ConnectionHelper] GameManager found: GameManager
[ConnectionHelper] Pipe found at position (1542, 543). Highlighting pipe.
[Debug InputHelper] Clicked dragged block @Node2D@7, placing it
[Debug InputHelper] Placing block @Node2D@7 at (1542, 543)
[Debug InputHelper] Attempting to connect block at position: (1542, 543)
[ConnectionManager Debug] Attempting to connect block  between  and Output
[BaseBlock Debug] Block @Node2D@7 resetting connections. Current state: Dragging
[BaseBlock Debug] Block @Node2D@7 reset input socket
[BaseBlock Debug] Block @Node2D@7 reset output socket
[BaseBlock Debug] Block @Node2D@7 finished resetting connections
[ConnectionManager Debug] Creating new connections for block 
(static insertion) Creating pipe between blocks:  -> 
From block type: F.Game.BlockLogic.BaseBlock, To block type: F.Game.BlockLogic.BaseBlock
From socket type: Godot.Node2D, To socket type: Godot.Node2D
(static insertion) Creating pipe between blocks:  -> Output
From block type: F.Game.BlockLogic.BaseBlock, To block type: F.Game.BlockLogic.Output
From socket type: Godot.Node2D, To socket type: Godot.Node2D
[BaseBlock Debug] Block @Node2D@7 state changed: Dragging -> Connected (CompleteConnection)
[ConnectionManager] Successfully connected block  between  and Output
[BaseBlock Debug] Block @Node2D@7 state changed: Connected -> Connected (CompleteConnection)
[ConnectionHelper Debug] Forced block @Node2D@7 to Connected state. Connection operation returned: True
[Debug InputHelper] Successfully connected block @Node2D@7
[Debug DragHelper] Entering EndDrag with block: @Node2D@7
[BaseBlock Debug] Block @Node2D@7 state changed: Connected -> Connected (SetDragging: False)
[Debug DragHelper] Block @Node2D@7 drag ended, Z-index set to 0
[Debug InputHelper] Starting drag for block '@Node2D@11' at (1197, 462)
[Debug DragHelper] Entering StartDrag with block: @Node2D@11, clickPosition: (1197, 462)
[Debug DragHelper] Set Z-index to 25 for dragged block
[Debug DragHelper] Positioned block at click position: (1197, 462)
[BaseBlock Debug] Block @Node2D@11 state changed: Connected -> Dragging (SetDragging: True)
[Debug DragHelper] Block @Node2D@11 is now in dragging state
[Debug DragHelper] Entering UpdateDrag with block: @Node2D@11, position: (1195, 462)
[Debug DragHelper] Updated block position to: (1195, 462)
[Debug DragHelper] Entering UpdateDrag with block: @Node2D@11, position: (1181, 462)
[Debug DragHelper] Updated block position to: (1181, 462)
[Debug DragHelper] Entering UpdateDrag with block: @Node2D@11, position: (1158, 468)
[Debug DragHelper] Updated block position to: (1158, 468)
[Debug DragHelper] Entering UpdateDrag with block: @Node2D@11, position: (1128, 472)
[Debug DragHelper] Updated block position to: (1128, 472)
[Debug DragHelper] Entering UpdateDrag with block: @Node2D@11, position: (1084, 484)
[Debug DragHelper] Updated block position to: (1084, 484)
[Debug DragHelper] Entering UpdateDrag with block: @Node2D@11, position: (1040, 497)
[Debug DragHelper] Updated block position to: (1040, 497)
[Debug DragHelper] Entering UpdateDrag with block: @Node2D@11, position: (1028, 502)
[Debug DragHelper] Updated block position to: (1028, 502)
[Debug DragHelper] Entering UpdateDrag with block: @Node2D@11, position: (998, 513)
[Debug DragHelper] Updated block position to: (998, 513)
[Debug DragHelper] Entering UpdateDrag with block: @Node2D@11, position: (966, 524)
[Debug DragHelper] Updated block position to: (966, 524)
[Debug DragHelper] Entering UpdateDrag with block: @Node2D@11, position: (931, 537)
[Debug DragHelper] Updated block position to: (931, 537)
[Debug DragHelper] Entering UpdateDrag with block: @Node2D@11, position: (917, 546)
[Debug DragHelper] Updated block position to: (917, 546)
[Debug DragHelper] Entering UpdateDrag with block: @Node2D@11, position: (915, 549)
[Debug DragHelper] Updated block position to: (915, 549)
[Debug DragHelper] Entering UpdateDrag with block: @Node2D@11, position: (914, 551)
[Debug DragHelper] Updated block position to: (914, 551)
[Debug DragHelper] Entering UpdateDrag with block: @Node2D@11, position: (914, 552)
[Debug DragHelper] Updated block position to: (914, 552)
[Debug DragHelper] Entering UpdateDrag with block: @Node2D@11, position: (913, 558)
[Debug DragHelper] Updated block position to: (913, 558)
[Debug DragHelper] Entering UpdateDrag with block: @Node2D@11, position: (913, 560)
[Debug DragHelper] Updated block position to: (913, 560)
[Debug DragHelper] Entering UpdateDrag with block: @Node2D@11, position: (912, 566)
[Debug DragHelper] Updated block position to: (912, 566)
[Debug DragHelper] Entering UpdateDrag with block: @Node2D@11, position: (911, 570)
[Debug DragHelper] Updated block position to: (911, 570)
[Debug DragHelper] Entering UpdateDrag with block: @Node2D@11, position: (912, 573)
[Debug DragHelper] Updated block position to: (912, 573)
[Debug DragHelper] Entering UpdateDrag with block: @Node2D@11, position: (912, 574)
[Debug DragHelper] Updated block position to: (912, 574)
[Debug DragHelper] Entering UpdateDrag with block: @Node2D@11, position: (913, 574)
[Debug DragHelper] Updated block position to: (913, 574)
[Debug DragHelper] Entering UpdateDrag with block: @Node2D@11, position: (913, 574)
[Debug DragHelper] Updated block position to: (913, 574)
[Debug DragHelper] Entering UpdateDrag with block: @Node2D@11, position: (913, 574)
[Debug DragHelper] Updated block position to: (913, 574)
[Debug DragHelper] Entering UpdateDrag with block: @Node2D@11, position: (915, 574)
[Debug DragHelper] Updated block position to: (915, 574)
[Debug DragHelper] Entering UpdateDrag with block: @Node2D@11, position: (932, 573)
[Debug DragHelper] Updated block position to: (932, 573)
[Debug InputHelper] Clicked dragged block @Node2D@11, placing it
[Debug InputHelper] Placing block @Node2D@11 at (932, 573)
[Debug InputHelper] Attempting to connect block at position: (932, 573)
[ConnectionManager Debug] Attempting to connect block  between  and 
[ConnectionManager Debug] Block  already has connections and not inserting after Input
[Debug InputHelper] Failed to connect block @Node2D@11
[BaseBlock Debug] Block @Node2D@11 state changed: Dragging -> Placed (SetPlaced: True)
[Debug InputHelper] Block @Node2D@11 reverted to Placed state
[Debug DragHelper] Entering EndDrag with block: @Node2D@11
[BaseBlock Debug] Block @Node2D@11 state changed: Placed -> Placed (SetDragging: False)
[Debug DragHelper] Block @Node2D@11 drag ended, Z-index set to 0
[Debug InputHelper] No block found at position: (1358, 452)
[Debug InputHelper] Starting drag for block '@Node2D@10' at (1396, 450)
[Debug DragHelper] Entering StartDrag with block: @Node2D@10, clickPosition: (1396, 450)
[Debug DragHelper] Set Z-index to 25 for dragged block
[Debug DragHelper] Positioned block at click position: (1396, 450)
[BaseBlock Debug] Block @Node2D@10 state changed: Connected -> Dragging (SetDragging: True)
[Debug DragHelper] Block @Node2D@10 is now in dragging state
[Debug DragHelper] Entering UpdateDrag with block: @Node2D@10, position: (1399, 450)
[Debug DragHelper] Updated block position to: (1399, 450)
[Debug DragHelper] Entering UpdateDrag with block: @Node2D@10, position: (1402, 450)
[Debug DragHelper] Updated block position to: (1402, 450)
[Debug DragHelper] Entering UpdateDrag with block: @Node2D@10, position: (1402, 450)
[Debug DragHelper] Updated block position to: (1402, 450)
[Debug DragHelper] Entering UpdateDrag with block: @Node2D@10, position: (1307, 456)
[Debug DragHelper] Updated block position to: (1307, 456)
[Debug DragHelper] Entering UpdateDrag with block: @Node2D@10, position: (1259, 456)
[Debug DragHelper] Updated block position to: (1259, 456)
[Debug DragHelper] Entering UpdateDrag with block: @Node2D@10, position: (1200, 456)
[Debug DragHelper] Updated block position to: (1200, 456)
[Debug DragHelper] Entering UpdateDrag with block: @Node2D@10, position: (1177, 456)
[Debug DragHelper] Updated block position to: (1177, 456)
[Debug DragHelper] Entering UpdateDrag with block: @Node2D@10, position: (1159, 454)
[Debug DragHelper] Updated block position to: (1159, 454)
[Debug DragHelper] Entering UpdateDrag with block: @Node2D@10, position: (1142, 451)
[Debug DragHelper] Updated block position to: (1142, 451)
[Debug DragHelper] Entering UpdateDrag with block: @Node2D@10, position: (1127, 446)
[Debug DragHelper] Updated block position to: (1127, 446)
[Debug DragHelper] Entering UpdateDrag with block: @Node2D@10, position: (1118, 444)
[Debug DragHelper] Updated block position to: (1118, 444)
[Debug DragHelper] Entering UpdateDrag with block: @Node2D@10, position: (1117, 443)
[Debug DragHelper] Updated block position to: (1117, 443)
[Debug DragHelper] Entering UpdateDrag with block: @Node2D@10, position: (1116, 443)
[Debug DragHelper] Updated block position to: (1116, 443)
[Debug DragHelper] Entering UpdateDrag with block: @Node2D@10, position: (1112, 444)
[Debug DragHelper] Updated block position to: (1112, 444)
[Debug DragHelper] Entering UpdateDrag with block: @Node2D@10, position: (1111, 445)
[Debug DragHelper] Updated block position to: (1111, 445)
[Debug DragHelper] Entering UpdateDrag with block: @Node2D@10, position: (1111, 446)
[Debug DragHelper] Updated block position to: (1111, 446)
[Debug DragHelper] Entering UpdateDrag with block: @Node2D@10, position: (1110, 448)
[Debug DragHelper] Updated block position to: (1110, 448)
[Debug DragHelper] Entering UpdateDrag with block: @Node2D@10, position: (1109, 449)
[Debug DragHelper] Updated block position to: (1109, 449)
[Debug DragHelper] Entering UpdateDrag with block: @Node2D@10, position: (1109, 451)
[Debug DragHelper] Updated block position to: (1109, 451)
[Debug DragHelper] Entering UpdateDrag with block: @Node2D@10, position: (1109, 453)
[Debug DragHelper] Updated block position to: (1109, 453)
[Debug DragHelper] Entering UpdateDrag with block: @Node2D@10, position: (1111, 456)
[Debug DragHelper] Updated block position to: (1111, 456)
[Debug DragHelper] Entering UpdateDrag with block: @Node2D@10, position: (1111, 456)
[Debug DragHelper] Updated block position to: (1111, 456)
[Debug DragHelper] Entering UpdateDrag with block: @Node2D@10, position: (1114, 459)
[Debug DragHelper] Updated block position to: (1114, 459)
[Debug DragHelper] Entering UpdateDrag with block: @Node2D@10, position: (1116, 461)
[Debug DragHelper] Updated block position to: (1116, 461)
[Debug DragHelper] Entering UpdateDrag with block: @Node2D@10, position: (1117, 462)
[Debug DragHelper] Updated block position to: (1117, 462)
[Debug DragHelper] Entering UpdateDrag with block: @Node2D@10, position: (1117, 463)
[Debug DragHelper] Updated block position to: (1117, 463)
[Debug InputHelper] Clicked dragged block @Node2D@10, placing it
[Debug InputHelper] Placing block @Node2D@10 at (1117, 463)
[Debug InputHelper] Attempting to connect block at position: (1117, 463)
[ConnectionManager Debug] Attempting to connect block  between  and 
[ConnectionManager Debug] Block  already has connections and not inserting after Input
[Debug InputHelper] Failed to connect block @Node2D@10
[BaseBlock Debug] Block @Node2D@10 state changed: Dragging -> Placed (SetPlaced: True)
[Debug InputHelper] Block @Node2D@10 reverted to Placed state
[Debug DragHelper] Entering EndDrag with block: @Node2D@10
[BaseBlock Debug] Block @Node2D@10 state changed: Placed -> Placed (SetDragging: False)
[Debug DragHelper] Block @Node2D@10 drag ended, Z-index set to 0
[Debug InputHelper] No block found at position: (1498, 514)
[Debug InputHelper] Starting drag for block '@Node2D@7' at (1534, 554)
[Debug DragHelper] Entering StartDrag with block: @Node2D@7, clickPosition: (1534, 554)
[Debug DragHelper] Set Z-index to 25 for dragged block
[Debug DragHelper] Positioned block at click position: (1534, 554)
[BaseBlock Debug] Block @Node2D@7 state changed: Connected -> Dragging (SetDragging: True)
[Debug DragHelper] Block @Node2D@7 is now in dragging state
[Debug DragHelper] Entering UpdateDrag with block: @Node2D@7, position: (1532, 555)
[Debug DragHelper] Updated block position to: (1532, 555)
[Debug DragHelper] Entering UpdateDrag with block: @Node2D@7, position: (1523, 556)
[Debug DragHelper] Updated block position to: (1523, 556)
[Debug DragHelper] Entering UpdateDrag with block: @Node2D@7, position: (1512, 556)
[Debug DragHelper] Updated block position to: (1512, 556)
[Debug DragHelper] Entering UpdateDrag with block: @Node2D@7, position: (1498, 556)
[Debug DragHelper] Updated block position to: (1498, 556)
[Debug DragHelper] Entering UpdateDrag with block: @Node2D@7, position: (1474, 556)
[Debug DragHelper] Updated block position to: (1474, 556)
[Debug DragHelper] Entering UpdateDrag with block: @Node2D@7, position: (1445, 558)
[Debug DragHelper] Updated block position to: (1445, 558)
[Debug DragHelper] Entering UpdateDrag with block: @Node2D@7, position: (1409, 561)
[Debug DragHelper] Updated block position to: (1409, 561)
[Debug DragHelper] Entering UpdateDrag with block: @Node2D@7, position: (1377, 563)
[Debug DragHelper] Updated block position to: (1377, 563)
[Debug DragHelper] Entering UpdateDrag with block: @Node2D@7, position: (1351, 565)
[Debug DragHelper] Updated block position to: (1351, 565)
[Debug DragHelper] Entering UpdateDrag with block: @Node2D@7, position: (1339, 566)
[Debug DragHelper] Updated block position to: (1339, 566)
[Debug DragHelper] Entering UpdateDrag with block: @Node2D@7, position: (1336, 566)
[Debug DragHelper] Updated block position to: (1336, 566)
[Debug DragHelper] Entering UpdateDrag with block: @Node2D@7, position: (1328, 566)
[Debug DragHelper] Updated block position to: (1328, 566)
[Debug DragHelper] Entering UpdateDrag with block: @Node2D@7, position: (1322, 566)
[Debug DragHelper] Updated block position to: (1322, 566)
[Debug DragHelper] Entering UpdateDrag with block: @Node2D@7, position: (1302, 570)
[Debug DragHelper] Updated block position to: (1302, 570)
[Debug DragHelper] Entering UpdateDrag with block: @Node2D@7, position: (1284, 575)
[Debug DragHelper] Updated block position to: (1284, 575)
[Debug DragHelper] Entering UpdateDrag with block: @Node2D@7, position: (1269, 580)
[Debug DragHelper] Updated block position to: (1269, 580)
[Debug DragHelper] Entering UpdateDrag with block: @Node2D@7, position: (1257, 584)
[Debug DragHelper] Updated block position to: (1257, 584)
[Debug DragHelper] Entering UpdateDrag with block: @Node2D@7, position: (1255, 585)
[Debug DragHelper] Updated block position to: (1255, 585)
[Debug DragHelper] Entering UpdateDrag with block: @Node2D@7, position: (1246, 589)
[Debug DragHelper] Updated block position to: (1246, 589)
[Debug DragHelper] Entering UpdateDrag with block: @Node2D@7, position: (1226, 594)
[Debug DragHelper] Updated block position to: (1226, 594)
[Debug DragHelper] Entering UpdateDrag with block: @Node2D@7, position: (1212, 599)
[Debug DragHelper] Updated block position to: (1212, 599)
[Debug DragHelper] Entering UpdateDrag with block: @Node2D@7, position: (1206, 601)
[Debug DragHelper] Updated block position to: (1206, 601)
[Debug DragHelper] Entering UpdateDrag with block: @Node2D@7, position: (1207, 602)
[Debug DragHelper] Updated block position to: (1207, 602)
[Debug DragHelper] Entering UpdateDrag with block: @Node2D@7, position: (1210, 602)
[Debug DragHelper] Updated block position to: (1210, 602)
[Debug DragHelper] Entering UpdateDrag with block: @Node2D@7, position: (1227, 602)
[Debug DragHelper] Updated block position to: (1227, 602)
[Debug DragHelper] Entering UpdateDrag with block: @Node2D@7, position: (1277, 602)
[Debug DragHelper] Updated block position to: (1277, 602)
[Debug DragHelper] Entering UpdateDrag with block: @Node2D@7, position: (1310, 602)
[Debug DragHelper] Updated block position to: (1310, 602)
[Debug DragHelper] Entering UpdateDrag with block: @Node2D@7, position: (1318, 602)
[Debug DragHelper] Updated block position to: (1318, 602)
[Debug DragHelper] Entering UpdateDrag with block: @Node2D@7, position: (1327, 602)
[Debug DragHelper] Updated block position to: (1327, 602)
[Debug DragHelper] Entering UpdateDrag with block: @Node2D@7, position: (1327, 601)
[Debug DragHelper] Updated block position to: (1327, 601)
[Debug DragHelper] Entering UpdateDrag with block: @Node2D@7, position: (1326, 601)
[Debug DragHelper] Updated block position to: (1326, 601)
[Debug DragHelper] Entering UpdateDrag with block: @Node2D@7, position: (1326, 601)
[Debug DragHelper] Updated block position to: (1326, 601)
[Debug DragHelper] Entering UpdateDrag with block: @Node2D@7, position: (1327, 600)
[Debug DragHelper] Updated block position to: (1327, 600)
[Debug DragHelper] Entering UpdateDrag with block: @Node2D@7, position: (1331, 599)
[Debug DragHelper] Updated block position to: (1331, 599)
[Debug DragHelper] Entering UpdateDrag with block: @Node2D@7, position: (1335, 598)
[Debug DragHelper] Updated block position to: (1335, 598)
[Debug DragHelper] Entering UpdateDrag with block: @Node2D@7, position: (1339, 597)
[Debug DragHelper] Updated block position to: (1339, 597)
[Debug DragHelper] Entering UpdateDrag with block: @Node2D@7, position: (1347, 595)
[Debug DragHelper] Updated block position to: (1347, 595)
[Debug DragHelper] Entering UpdateDrag with block: @Node2D@7, position: (1351, 594)
[Debug DragHelper] Updated block position to: (1351, 594)
[Debug DragHelper] Entering UpdateDrag with block: @Node2D@7, position: (1353, 593)
[Debug DragHelper] Updated block position to: (1353, 593)
[Debug DragHelper] Entering UpdateDrag with block: @Node2D@7, position: (1353, 593)
[Debug DragHelper] Updated block position to: (1353, 593)
[Debug InputHelper] Clicked dragged block @Node2D@7, placing it
[Debug InputHelper] Placing block @Node2D@7 at (1353, 593)
[Debug InputHelper] Attempting to connect block at position: (1353, 593)
[ConnectionManager Debug] Attempting to connect block  between  and 
[ConnectionManager Debug] Block  already has connections and not inserting after Input
[Debug InputHelper] Failed to connect block @Node2D@7
[BaseBlock Debug] Block @Node2D@7 state changed: Dragging -> Placed (SetPlaced: True)
[Debug InputHelper] Block @Node2D@7 reverted to Placed state
[Debug DragHelper] Entering EndDrag with block: @Node2D@7
[BaseBlock Debug] Block @Node2D@7 state changed: Placed -> Placed (SetDragging: False)
[Debug DragHelper] Block @Node2D@7 drag ended, Z-index set to 0
[Input Debug] Spacebar pressed
[Input Debug] Checking for connections at socket position: (205, 539.9512)
[Input Debug] Found pipe: True
[Input Debug] Has connections: True
[Input Debug] Spawning token
[TokenManager Debug] SpawnToken called
[Input Debug] Using token socket position: (301, 539.9512)
[Input Debug] Using token socket position: (301, 539.9512)
USER ERROR: Node not found: "Sprite" (relative to "/root/Main/GameManager/TokenLayer/Token/TokenVisuals").
   at: get_node (scene/main/node.cpp:1793)
[TokenManager Debug] Token created with value 1
[ConnectionManager Debug] Found next block in chain from Input: 
[TokenManager Debug] Next block found: True
[TokenManager Debug] Moving token to next block
[BaseBlock Debug] Processing token in block @Node2D@9
[BaseBlock Debug] Executing script for block @Node2D@9 with script: 
                        float Value = 1;
                        Action<string> Print = Godot.GD.Print;
                        Action<string> PrintErr = Godot.GD.PrintErr;
                        Value *= 2.0f;
                        return Value;
                    
[BaseBlock Debug] Script execution completed for block @Node2D@9
[BaseBlock Debug] Starting common token processing in block @Node2D@9
[BaseBlock Debug] Added block @Node2D@9 to token's processed blocks
[ConnectionManager Debug] Found next block in chain from : 
[BaseBlock Debug] GetNextConnection returned nextBlock: , pipe: valid
[BaseBlock Debug] Moving token from block @Node2D@9 to block 
[BaseBlock Debug] Processing token in block @Node2D@11
[BaseBlock Debug] Executing script for block @Node2D@11 with script: 
                        float Value = 2;
                        Action<string> Print = Godot.GD.Print;
                        Action<string> PrintErr = Godot.GD.PrintErr;
                        Value *= 2.0f;
                        return Value;
                    
[BaseBlock Debug] Script execution completed for block @Node2D@11
[BaseBlock Debug] Starting common token processing in block @Node2D@11
[BaseBlock Debug] Added block @Node2D@11 to token's processed blocks
[ConnectionManager Debug] Found next block in chain from : 
[BaseBlock Debug] GetNextConnection returned nextBlock: , pipe: valid
[BaseBlock Debug] Moving token from block @Node2D@11 to block 
[BaseBlock Debug] Processing token in block @Node2D@10
[BaseBlock Debug] Executing script for block @Node2D@10 with script: 
                        float Value = 4;
                        Action<string> Print = Godot.GD.Print;
                        Action<string> PrintErr = Godot.GD.PrintErr;
                        Value += 1.0f;
                        return Value;
                    
[BaseBlock Debug] Script execution completed for block @Node2D@10
[BaseBlock Debug] Starting common token processing in block @Node2D@10
[BaseBlock Debug] Added block @Node2D@10 to token's processed blocks
[ConnectionManager Debug] Found next block in chain from : 
[BaseBlock Debug] GetNextConnection returned nextBlock: , pipe: valid
[BaseBlock Debug] Moving token from block @Node2D@10 to block 
[BaseBlock Debug] Processing token in block @Node2D@7
[BaseBlock Debug] Executing script for block @Node2D@7 with script: 
                        float Value = 5;
                        Action<string> Print = Godot.GD.Print;
                        Action<string> PrintErr = Godot.GD.PrintErr;
                        Value *= 2.0f;
                        return Value;
                    
[BaseBlock Debug] Script execution completed for block @Node2D@7
[BaseBlock Debug] Starting common token processing in block @Node2D@7
[BaseBlock Debug] Added block @Node2D@7 to token's processed blocks
[ConnectionManager Debug] Found next block in chain from : Output
[BaseBlock Debug] GetNextConnection returned nextBlock: Output, pipe: valid
[BaseBlock Debug] Moving token from block @Node2D@7 to block Output
[Output Debug] Received token with value: 10
[Output Debug] Updated value label to: 10.0
[TokenManager Debug] Removed 1 completed tokens
